# JRE version: Java(TM) SE Runtime Environment (8.0_231-b11) (build 1.8.0_231-b11)
# Java VM: Java HotSpot(TM) 64-Bit Server VM (25.231-b11 mixed mode windows-amd64 compressed oops)
Heap:
 PSYoungGen      total 371712K, used 256759K [0x00000000e0000000, 0x00000000f9f00000, 0x0000000100000000)
  eden space 322560K, 79% used [0x00000000e0000000,0x00000000efabdfe0,0x00000000f3b00000)
  from space 49152K, 0% used [0x00000000f6f00000,0x00000000f6f00000,0x00000000f9f00000)
  to   space 51200K, 0% used [0x00000000f3b00000,0x00000000f3b00000,0x00000000f6d00000)
 ParOldGen       total 167424K, used 105990K [0x00000000a0000000, 0x00000000aa380000, 0x00000000e0000000)
  object space 167424K, 63% used [0x00000000a0000000,0x00000000a6781808,0x00000000aa380000)
 Metaspace       used 88400K, capacity 92003K, committed 92248K, reserved 1128448K
  class space    used 11680K, capacity 12513K, committed 12672K, reserved 1048576K
GC Heap History (10 events):
Event: 16.106 GC heap before
{Heap before GC invocations=16 (full 3):
 PSYoungGen      total 233472K, used 232032K [0x00000000e0000000, 0x00000000f0180000, 0x0000000100000000)
  eden space 216064K, 99% used [0x00000000e0000000,0x00000000ed1a0318,0x00000000ed300000)
  from space 17408K, 99% used [0x00000000ef080000,0x00000000f0178010,0x00000000f0180000)
  to   space 22016K, 0% used [0x00000000ed680000,0x00000000ed680000,0x00000000eec00000)
 ParOldGen       total 167424K, used 47033K [0x00000000a0000000, 0x00000000aa380000, 0x00000000e0000000)
  object space 167424K, 28% used [0x00000000a0000000,0x00000000a2dee760,0x00000000aa380000)
 Metaspace       used 63460K, capacity 66150K, committed 66520K, reserved 1105920K
  class space    used 8690K, capacity 9372K, committed 9472K, reserved 1048576K
Event: 16.162 GC heap after
Heap after GC invocations=16 (full 3):
 PSYoungGen      total 241664K, used 21987K [0x00000000e0000000, 0x00000000f6400000, 0x0000000100000000)
  eden space 219648K, 0% used [0x00000000e0000000,0x00000000e0000000,0x00000000ed680000)
  from space 22016K, 99% used [0x00000000ed680000,0x00000000eebf8fa8,0x00000000eec00000)
  to   space 45568K, 0% used [0x00000000f3780000,0x00000000f3780000,0x00000000f6400000)
 ParOldGen       total 167424K, used 103021K [0x00000000a0000000, 0x00000000aa380000, 0x00000000e0000000)
  object space 167424K, 61% used [0x00000000a0000000,0x00000000a649b4d8,0x00000000aa380000)
 Metaspace       used 63460K, capacity 66150K, committed 66520K, reserved 1105920K
  class space    used 8690K, capacity 9372K, committed 9472K, reserved 1048576K
}
Event: 59.150 GC heap before
{Heap before GC invocations=17 (full 3):
 PSYoungGen      total 241664K, used 241635K [0x00000000e0000000, 0x00000000f6400000, 0x0000000100000000)
  eden space 219648K, 100% used [0x00000000e0000000,0x00000000ed680000,0x00000000ed680000)
  from space 22016K, 99% used [0x00000000ed680000,0x00000000eebf8fa8,0x00000000eec00000)
  to   space 45568K, 0% used [0x00000000f3780000,0x00000000f3780000,0x00000000f6400000)
 ParOldGen       total 167424K, used 103021K [0x00000000a0000000, 0x00000000aa380000, 0x00000000e0000000)
  object space 167424K, 61% used [0x00000000a0000000,0x00000000a649b4d8,0x00000000aa380000)
 Metaspace       used 71088K, capacity 73983K, committed 74200K, reserved 1114112K
  class space    used 9729K, capacity 10433K, committed 10496K, reserved 1048576K
Event: 59.186 GC heap after
Heap after GC invocations=17 (full 3):
 PSYoungGen      total 304640K, used 17744K [0x00000000e0000000, 0x00000000f5a80000, 0x0000000100000000)
  eden space 268800K, 0% used [0x00000000e0000000,0x00000000e0000000,0x00000000f0680000)
  from space 35840K, 49% used [0x00000000f3780000,0x00000000f48d40c8,0x00000000f5a80000)
  to   space 43008K, 0% used [0x00000000f0680000,0x00000000f0680000,0x00000000f3080000)
 ParOldGen       total 167424K, used 121420K [0x00000000a0000000, 0x00000000aa380000, 0x00000000e0000000)
  object space 167424K, 72% used [0x00000000a0000000,0x00000000a7693130,0x00000000aa380000)
 Metaspace       used 71088K, capacity 73983K, committed 74200K, reserved 1114112K
  class space    used 9729K, capacity 10433K, committed 10496K, reserved 1048576K
}
Event: 62.915 GC heap before
{Heap before GC invocations=18 (full 3):
 PSYoungGen      total 304640K, used 286544K [0x00000000e0000000, 0x00000000f5a80000, 0x0000000100000000)
  eden space 268800K, 100% used [0x00000000e0000000,0x00000000f0680000,0x00000000f0680000)
  from space 35840K, 49% used [0x00000000f3780000,0x00000000f48d40c8,0x00000000f5a80000)
  to   space 43008K, 0% used [0x00000000f0680000,0x00000000f0680000,0x00000000f3080000)
 ParOldGen       total 167424K, used 121420K [0x00000000a0000000, 0x00000000aa380000, 0x00000000e0000000)
  object space 167424K, 72% used [0x00000000a0000000,0x00000000a7693130,0x00000000aa380000)
 Metaspace       used 76154K, capacity 79021K, committed 79192K, reserved 1118208K
  class space    used 10334K, capacity 11048K, committed 11136K, reserved 1048576K
Event: 62.949 GC heap after
Heap after GC invocations=18 (full 3):
 PSYoungGen      total 311808K, used 43007K [0x00000000e0000000, 0x00000000fa100000, 0x0000000100000000)
  eden space 268800K, 0% used [0x00000000e0000000,0x00000000e0000000,0x00000000f0680000)
  from space 43008K, 99% used [0x00000000f0680000,0x00000000f307fd48,0x00000000f3080000)
  to   space 51200K, 0% used [0x00000000f6f00000,0x00000000f6f00000,0x00000000fa100000)
 ParOldGen       total 167424K, used 126039K [0x00000000a0000000, 0x00000000aa380000, 0x00000000e0000000)
  object space 167424K, 75% used [0x00000000a0000000,0x00000000a7b15fc8,0x00000000aa380000)
 Metaspace       used 76154K, capacity 79021K, committed 79192K, reserved 1118208K
  class space    used 10334K, capacity 11048K, committed 11136K, reserved 1048576K
}
Event: 68.420 GC heap before
{Heap before GC invocations=19 (full 3):
 PSYoungGen      total 311808K, used 311807K [0x00000000e0000000, 0x00000000fa100000, 0x0000000100000000)
  eden space 268800K, 100% used [0x00000000e0000000,0x00000000f0680000,0x00000000f0680000)
  from space 43008K, 99% used [0x00000000f0680000,0x00000000f307fd48,0x00000000f3080000)
  to   space 51200K, 0% used [0x00000000f6f00000,0x00000000f6f00000,0x00000000fa100000)
 ParOldGen       total 167424K, used 126039K [0x00000000a0000000, 0x00000000aa380000, 0x00000000e0000000)
  object space 167424K, 75% used [0x00000000a0000000,0x00000000a7b15fc8,0x00000000aa380000)
 Metaspace       used 86347K, capacity 90007K, committed 90200K, reserved 1126400K
  class space    used 11538K, capacity 12399K, committed 12416K, reserved 1048576K
Event: 68.484 GC heap after
Heap after GC invocations=19 (full 3):
 PSYoungGen      total 371712K, used 28739K [0x00000000e0000000, 0x00000000f9f00000, 0x0000000100000000)
  eden space 322560K, 0% used [0x00000000e0000000,0x00000000e0000000,0x00000000f3b00000)
  from space 49152K, 58% used [0x00000000f6f00000,0x00000000f8b10f80,0x00000000f9f00000)
  to   space 51200K, 0% used [0x00000000f3b00000,0x00000000f3b00000,0x00000000f6d00000)
 ParOldGen       total 167424K, used 157717K [0x00000000a0000000, 0x00000000aa380000, 0x00000000e0000000)
  object space 167424K, 94% used [0x00000000a0000000,0x00000000a9a05520,0x00000000aa380000)
 Metaspace       used 86347K, capacity 90007K, committed 90200K, reserved 1126400K
  class space    used 11538K, capacity 12399K, committed 12416K, reserved 1048576K
}
Event: 68.484 GC heap before
{Heap before GC invocations=20 (full 4):
 PSYoungGen      total 371712K, used 28739K [0x00000000e0000000, 0x00000000f9f00000, 0x0000000100000000)
  eden space 322560K, 0% used [0x00000000e0000000,0x00000000e0000000,0x00000000f3b00000)
  from space 49152K, 58% used [0x00000000f6f00000,0x00000000f8b10f80,0x00000000f9f00000)
  to   space 51200K, 0% used [0x00000000f3b00000,0x00000000f3b00000,0x00000000f6d00000)
 ParOldGen       total 167424K, used 157717K [0x00000000a0000000, 0x00000000aa380000, 0x00000000e0000000)
  object space 167424K, 94% used [0x00000000a0000000,0x00000000a9a05520,0x00000000aa380000)
 Metaspace       used 86347K, capacity 90007K, committed 90200K, reserved 1126400K
  class space    used 11538K, capacity 12399K, committed 12416K, reserved 1048576K
Event: 68.744 GC heap after
Heap after GC invocations=20 (full 4):
 PSYoungGen      total 371712K, used 0K [0x00000000e0000000, 0x00000000f9f00000, 0x0000000100000000)
  eden space 322560K, 0% used [0x00000000e0000000,0x00000000e0000000,0x00000000f3b00000)
  from space 49152K, 0% used [0x00000000f6f00000,0x00000000f6f00000,0x00000000f9f00000)
  to   space 51200K, 0% used [0x00000000f3b00000,0x00000000f3b00000,0x00000000f6d00000)
 ParOldGen       total 167424K, used 105990K [0x00000000a0000000, 0x00000000aa380000, 0x00000000e0000000)
  object space 167424K, 63% used [0x00000000a0000000,0x00000000a6781808,0x00000000aa380000)
 Metaspace       used 86112K, capacity 89425K, committed 90200K, reserved 1126400K
  class space    used 11453K, capacity 12256K, committed 12416K, reserved 1048576K
}

